Traceback (most recent call last):
  File "hw.py", line 160, in <module>
    check = Sort.RandomizedQuickSort(data)
  File "/home/MozixReality/DataStructure/Sort.py", line 73, in __init__
    self.quicksort(arr, 0, len(arr)-1)
  File "/home/MozixReality/DataStructure/Sort.py", line 80, in quicksort
    self.quicksort(arr, start, pIndex-1)
  File "/home/MozixReality/DataStructure/Sort.py", line 80, in quicksort
    self.quicksort(arr, start, pIndex-1)
  File "/home/MozixReality/DataStructure/Sort.py", line 80, in quicksort
    self.quicksort(arr, start, pIndex-1)
  [Previous line repeated 989 more times]
  File "/home/MozixReality/DataStructure/Sort.py", line 77, in quicksort
    pIndex = self.partition(arr, start, end)
  File "/home/MozixReality/DataStructure/Sort.py", line 89, in partition
    pivot = randint(start, end)
  File "/usr/lib/python3.8/random.py", line 248, in randint
    return self.randrange(a, b+1)
  File "/usr/lib/python3.8/random.py", line 224, in randrange
    return istart + self._randbelow(width)
  File "/usr/lib/python3.8/random.py", line 254, in _randbelow_with_getrandbits
    k = n.bit_length()  # don't use (n-1) here because n can be 1
RecursionError: maximum recursion depth exceeded while calling a Python object
Traceback (most recent call last):
  File "hw.py", line 160, in <module>
    check = Sort.RandomizedQuickSort(data)
  File "/home/MozixReality/DataStructure/Sort.py", line 73, in __init__
    self.quicksort(arr, 0, len(arr)-1)
  File "/home/MozixReality/DataStructure/Sort.py", line 85, in quicksort
    self.quicksort(arr, start, pIndex-1)
  File "/home/MozixReality/DataStructure/Sort.py", line 85, in quicksort
    self.quicksort(arr, start, pIndex-1)
  File "/home/MozixReality/DataStructure/Sort.py", line 85, in quicksort
    self.quicksort(arr, start, pIndex-1)
  [Previous line repeated 989 more times]
  File "/home/MozixReality/DataStructure/Sort.py", line 81, in quicksort
    pIndex = self.partition(arr, start, end)
  File "/home/MozixReality/DataStructure/Sort.py", line 90, in partition
    pivot = randint(start, end)
  File "/usr/lib/python3.8/random.py", line 248, in randint
    return self.randrange(a, b+1)
  File "/usr/lib/python3.8/random.py", line 224, in randrange
    return istart + self._randbelow(width)
  File "/usr/lib/python3.8/random.py", line 254, in _randbelow_with_getrandbits
    k = n.bit_length()  # don't use (n-1) here because n can be 1
RecursionError: maximum recursion depth exceeded while calling a Python object
Traceback (most recent call last):
  File "hw.py", line 161, in <module>
    check = Sort.RandomizedQuickSort(data)
  File "/home/MozixReality/DataStructure/Sort.py", line 73, in __init__
    self.quicksort(arr, 0, len(arr)-1)
  File "/home/MozixReality/DataStructure/Sort.py", line 85, in quicksort
    self.quicksort(arr, start, pIndex-1)
  File "/home/MozixReality/DataStructure/Sort.py", line 85, in quicksort
    self.quicksort(arr, start, pIndex-1)
  File "/home/MozixReality/DataStructure/Sort.py", line 85, in quicksort
    self.quicksort(arr, start, pIndex-1)
  [Previous line repeated 989 more times]
  File "/home/MozixReality/DataStructure/Sort.py", line 81, in quicksort
    pIndex = self.partition(arr, start, end)
  File "/home/MozixReality/DataStructure/Sort.py", line 90, in partition
    pivot = randint(start, end)
  File "/usr/lib/python3.8/random.py", line 248, in randint
    return self.randrange(a, b+1)
  File "/usr/lib/python3.8/random.py", line 224, in randrange
    return istart + self._randbelow(width)
  File "/usr/lib/python3.8/random.py", line 254, in _randbelow_with_getrandbits
    k = n.bit_length()  # don't use (n-1) here because n can be 1
RecursionError: maximum recursion depth exceeded while calling a Python object
Traceback (most recent call last):
  File "hw.py", line 161, in <module>
    check = Sort.RandomizedQuickSort(data)
  File "/home/MozixReality/DataStructure/Sort.py", line 73, in __init__
    self.quicksort(arr, 0, len(arr)-1)
  File "/home/MozixReality/DataStructure/Sort.py", line 82, in quicksort
    self.quicksort(arr, start, pIndex-1)
  File "/home/MozixReality/DataStructure/Sort.py", line 82, in quicksort
    self.quicksort(arr, start, pIndex-1)
  File "/home/MozixReality/DataStructure/Sort.py", line 82, in quicksort
    self.quicksort(arr, start, pIndex-1)
  [Previous line repeated 989 more times]
  File "/home/MozixReality/DataStructure/Sort.py", line 81, in quicksort
    pIndex = self.partition(arr, start, end)
  File "/home/MozixReality/DataStructure/Sort.py", line 87, in partition
    pivot = randint(start, end)
  File "/usr/lib/python3.8/random.py", line 248, in randint
    return self.randrange(a, b+1)
  File "/usr/lib/python3.8/random.py", line 224, in randrange
    return istart + self._randbelow(width)
  File "/usr/lib/python3.8/random.py", line 254, in _randbelow_with_getrandbits
    k = n.bit_length()  # don't use (n-1) here because n can be 1
RecursionError: maximum recursion depth exceeded while calling a Python object
Traceback (most recent call last):
  File "hw.py", line 161, in <module>
    check = Sort.RandomizedQuickSort(data)
  File "/home/MozixReality/DataStructure/Sort.py", line 72, in __init__
    self.quicksort(arr, 0, len(arr)-1)
  File "/home/MozixReality/DataStructure/Sort.py", line 81, in quicksort
    self.quicksort(arr , start , pivotindex-1)
  File "/home/MozixReality/DataStructure/Sort.py", line 81, in quicksort
    self.quicksort(arr , start , pivotindex-1)
  File "/home/MozixReality/DataStructure/Sort.py", line 81, in quicksort
    self.quicksort(arr , start , pivotindex-1)
  [Previous line repeated 989 more times]
  File "/home/MozixReality/DataStructure/Sort.py", line 80, in quicksort
    pivotindex = self.partitionrand(arr,start, stop)
  File "/home/MozixReality/DataStructure/Sort.py", line 86, in partitionrand
    randpivot = randint(start, stop)
  File "/usr/lib/python3.8/random.py", line 248, in randint
    return self.randrange(a, b+1)
  File "/usr/lib/python3.8/random.py", line 224, in randrange
    return istart + self._randbelow(width)
  File "/usr/lib/python3.8/random.py", line 254, in _randbelow_with_getrandbits
    k = n.bit_length()  # don't use (n-1) here because n can be 1
RecursionError: maximum recursion depth exceeded while calling a Python object
Traceback (most recent call last):
  File "hw.py", line 70, in <module>
    data = gen_data_2(k)
  File "hw.py", line 17, in gen_data_2
    for i in range(1,Len):
MemoryError
Traceback (most recent call last):
  File "hw.py", line 70, in <module>
    data = gen_data_2(k)
  File "hw.py", line 17, in gen_data_2
    for i in range(1,Len):
MemoryError
